ParseStarterProject/build/intermediates/manifest_merge_blame_file/debug/manifest-merger-blame-debug-report.txt
1<?xml version="1.0" encoding="utf-8"?>
2<manifest xmlns:android="http://schemas.android.com/apk/res/android"
3    package="com.parse.starter"
4    android:versionCode="1"
5    android:versionName="1.0" >
6
7    <uses-sdk
8        android:minSdkVersion="14"
8-->src\main\AndroidManifest.xml
9        android:targetSdkVersion="26" />
9-->src\main\AndroidManifest.xml
10
11    <uses-permission android:name="android.permission.READ_EXTERNAL_STORAGE" />
11-->src\main\AndroidManifest.xml:23:5-80
11-->src\main\AndroidManifest.xml:23:22-77
12    <uses-permission android:name="android.permission.ACCESS_FINE_LOCATION" />
12-->src\main\AndroidManifest.xml:24:5-79
12-->src\main\AndroidManifest.xml:24:22-76
13    <uses-permission android:name="android.permission.INTERNET" />
13-->src\main\AndroidManifest.xml:25:5-67
13-->src\main\AndroidManifest.xml:25:22-64
14    <uses-permission android:name="android.permission.ACCESS_NETWORK_STATE" />
14-->src\main\AndroidManifest.xml:27:5-79
14-->src\main\AndroidManifest.xml:27:22-76
15
16    <!-- Optional permission for Analytics to run. -->
17    <uses-permission android:name="android.permission.WAKE_LOCK" /> <!-- Required by older versions of Google Play services to create GCM registration tokens -->
17-->[com.google.android.gms:play-services-analytics:12.0.1] AndroidManifest.xml:27:5-68
17-->[com.google.android.gms:play-services-analytics:12.0.1] AndroidManifest.xml:27:22-65
18    <uses-permission android:name="com.google.android.c2dm.permission.RECEIVE" />
18-->[com.google.android.gms:play-services-gcm:12.0.1] AndroidManifest.xml:23:5-82
18-->[com.google.android.gms:play-services-gcm:12.0.1] AndroidManifest.xml:23:22-79
19
20    <uses-feature
20-->[com.google.android.gms:play-services-maps:12.0.1] AndroidManifest.xml:26:5-28:35
21        android:glEsVersion="0x00020000"
21-->[com.google.android.gms:play-services-maps:12.0.1] AndroidManifest.xml:27:9-41
22        android:required="true" />
22-->[com.google.android.gms:play-services-maps:12.0.1] AndroidManifest.xml:28:9-32
23
24    <permission
24-->[com.google.firebase:firebase-iid:12.0.1] AndroidManifest.xml:28:5-30:47
25        android:name="com.parse.starter.permission.C2D_MESSAGE"
25-->[com.google.firebase:firebase-iid:12.0.1] AndroidManifest.xml:29:9-63
26        android:protectionLevel="signature" />
26-->[com.google.firebase:firebase-iid:12.0.1] AndroidManifest.xml:30:9-44
27
28    <uses-permission android:name="com.parse.starter.permission.C2D_MESSAGE" />
28-->[com.google.firebase:firebase-iid:12.0.1] AndroidManifest.xml:32:5-79
28-->[com.google.firebase:firebase-iid:12.0.1] AndroidManifest.xml:32:22-76
29
30    <application
30-->src\main\AndroidManifest.xml:5:5-22:19
31        android:name="com.parse.starter.StarterApplication"
31-->src\main\AndroidManifest.xml:6:9-43
32        android:allowBackup="true"
32-->src\main\AndroidManifest.xml:7:9-35
33        android:appComponentFactory="androidx.core.app.CoreComponentFactory"
33-->[androidx.core:core:1.0.0] AndroidManifest.xml:22:18-86
34        android:debuggable="true"
35        android:icon="@mipmap/ic_launcher"
35-->src\main\AndroidManifest.xml:8:9-43
36        android:label="@string/app_name"
36-->src\main\AndroidManifest.xml:9:9-41
37        android:testOnly="true"
38        android:theme="@style/AppTheme" >
38-->src\main\AndroidManifest.xml:10:9-40
39        <activity android:name="com.parse.starter.UserFeedActivity" />
39-->src\main\AndroidManifest.xml:11:9-63
39-->src\main\AndroidManifest.xml:11:19-51
40        <activity android:name="com.parse.starter.UserListActivity" />
40-->src\main\AndroidManifest.xml:12:9-54
40-->src\main\AndroidManifest.xml:12:19-51
41        <activity
41-->src\main\AndroidManifest.xml:13:9-21:20
42            android:name="com.parse.starter.MainActivity"
42-->src\main\AndroidManifest.xml:14:13-41
43            android:label="@string/app_name" >
43-->src\main\AndroidManifest.xml:15:13-45
44            <intent-filter>
44-->src\main\AndroidManifest.xml:16:13-20:29
45                <action android:name="android.intent.action.MAIN" />
45-->src\main\AndroidManifest.xml:17:17-69
45-->src\main\AndroidManifest.xml:17:25-66
46
47                <category android:name="android.intent.category.LAUNCHER" />
47-->src\main\AndroidManifest.xml:19:17-77
47-->src\main\AndroidManifest.xml:19:27-74
48            </intent-filter>
49        </activity>
50
51        <receiver android:name="com.google.android.gms.cast.framework.media.MediaIntentReceiver" />
51-->[com.google.android.gms:play-services-cast-framework:12.0.1] AndroidManifest.xml:8:9-100
51-->[com.google.android.gms:play-services-cast-framework:12.0.1] AndroidManifest.xml:8:19-97
52
53        <service android:name="com.google.android.gms.cast.framework.media.MediaNotificationService" />
53-->[com.google.android.gms:play-services-cast-framework:12.0.1] AndroidManifest.xml:10:9-104
53-->[com.google.android.gms:play-services-cast-framework:12.0.1] AndroidManifest.xml:10:18-101
54        <service android:name="com.google.android.gms.cast.framework.ReconnectionService" /> <!-- Include the AdActivity and InAppPurchaseActivity configChanges and themes. -->
54-->[com.google.android.gms:play-services-cast-framework:12.0.1] AndroidManifest.xml:11:9-93
54-->[com.google.android.gms:play-services-cast-framework:12.0.1] AndroidManifest.xml:11:18-90
55        <activity
55-->[com.google.android.gms:play-services-ads-lite:12.0.1] AndroidManifest.xml:29:9-33:64
56            android:name="com.google.android.gms.ads.AdActivity"
56-->[com.google.android.gms:play-services-ads-lite:12.0.1] AndroidManifest.xml:30:13-65
57            android:configChanges="keyboard|keyboardHidden|orientation|screenLayout|uiMode|screenSize|smallestScreenSize"
57-->[com.google.android.gms:play-services-ads-lite:12.0.1] AndroidManifest.xml:31:13-122
58            android:exported="false"
58-->[com.google.android.gms:play-services-ads-lite:12.0.1] AndroidManifest.xml:32:13-37
59            android:theme="@android:style/Theme.Translucent" />
59-->[com.google.android.gms:play-services-ads-lite:12.0.1] AndroidManifest.xml:33:13-61
60
61        <receiver
61-->[com.google.android.gms:play-services-analytics:12.0.1] AndroidManifest.xml:30:9-34:20
62            android:name="com.google.android.gms.analytics.AnalyticsReceiver"
62-->[com.google.android.gms:play-services-analytics:12.0.1] AndroidManifest.xml:31:13-78
63            android:enabled="true"
63-->[com.google.android.gms:play-services-analytics:12.0.1] AndroidManifest.xml:32:13-35
64            android:exported="false" >
64-->[com.google.android.gms:play-services-analytics:12.0.1] AndroidManifest.xml:33:13-37
65        </receiver>
66
67        <service
67-->[com.google.android.gms:play-services-analytics:12.0.1] AndroidManifest.xml:36:9-39:40
68            android:name="com.google.android.gms.analytics.AnalyticsService"
68-->[com.google.android.gms:play-services-analytics:12.0.1] AndroidManifest.xml:37:13-77
69            android:enabled="true"
69-->[com.google.android.gms:play-services-analytics:12.0.1] AndroidManifest.xml:38:13-35
70            android:exported="false" />
70-->[com.google.android.gms:play-services-analytics:12.0.1] AndroidManifest.xml:39:13-37
71        <service
71-->[com.google.android.gms:play-services-analytics:12.0.1] AndroidManifest.xml:40:9-44:72
72            android:name="com.google.android.gms.analytics.AnalyticsJobService"
72-->[com.google.android.gms:play-services-analytics:12.0.1] AndroidManifest.xml:41:13-80
73            android:enabled="true"
73-->[com.google.android.gms:play-services-analytics:12.0.1] AndroidManifest.xml:42:13-35
74            android:exported="false"
74-->[com.google.android.gms:play-services-analytics:12.0.1] AndroidManifest.xml:43:13-37
75            android:permission="android.permission.BIND_JOB_SERVICE" />
75-->[com.google.android.gms:play-services-analytics:12.0.1] AndroidManifest.xml:44:13-69
76
77        <activity
77-->[com.google.android.gms:play-services-appinvite:12.0.1] AndroidManifest.xml:25:9-34:20
78            android:name="com.google.android.gms.appinvite.PreviewActivity"
78-->[com.google.android.gms:play-services-appinvite:12.0.1] AndroidManifest.xml:26:13-76
79            android:exported="true"
79-->[com.google.android.gms:play-services-appinvite:12.0.1] AndroidManifest.xml:27:13-36
80            android:theme="@style/Theme.AppInvite.Preview" >
80-->[com.google.android.gms:play-services-appinvite:12.0.1] AndroidManifest.xml:28:13-59
81            <intent-filter>
81-->[com.google.android.gms:play-services-appinvite:12.0.1] AndroidManifest.xml:29:13-33:29
82                <action android:name="com.google.android.gms.appinvite.ACTION_PREVIEW" />
82-->[com.google.android.gms:play-services-appinvite:12.0.1] AndroidManifest.xml:30:17-90
82-->[com.google.android.gms:play-services-appinvite:12.0.1] AndroidManifest.xml:30:25-87
83
84                <category android:name="android.intent.category.DEFAULT" />
84-->[com.google.android.gms:play-services-appinvite:12.0.1] AndroidManifest.xml:32:17-76
84-->[com.google.android.gms:play-services-appinvite:12.0.1] AndroidManifest.xml:32:27-73
85            </intent-filter>
86        </activity>
87        <activity
87-->[com.google.android.gms:play-services-auth:12.0.1] AndroidManifest.xml:23:9-27:75
88            android:name="com.google.android.gms.auth.api.signin.internal.SignInHubActivity"
88-->[com.google.android.gms:play-services-auth:12.0.1] AndroidManifest.xml:24:13-93
89            android:excludeFromRecents="true"
89-->[com.google.android.gms:play-services-auth:12.0.1] AndroidManifest.xml:25:13-46
90            android:exported="false"
90-->[com.google.android.gms:play-services-auth:12.0.1] AndroidManifest.xml:26:13-37
91            android:theme="@android:style/Theme.Translucent.NoTitleBar" />
91-->[com.google.android.gms:play-services-auth:12.0.1] AndroidManifest.xml:27:13-72
92        <!--
93            Service handling Google Sign-In user revocation. For apps that do not integrate with
94            Google Sign-In, this service will never be started.
95        -->
96        <service
96-->[com.google.android.gms:play-services-auth:12.0.1] AndroidManifest.xml:33:9-36:110
97            android:name="com.google.android.gms.auth.api.signin.RevocationBoundService"
97-->[com.google.android.gms:play-services-auth:12.0.1] AndroidManifest.xml:34:13-89
98            android:exported="true"
98-->[com.google.android.gms:play-services-auth:12.0.1] AndroidManifest.xml:35:13-36
99            android:permission="com.google.android.gms.auth.api.signin.permission.REVOCATION_NOTIFICATION" />
99-->[com.google.android.gms:play-services-auth:12.0.1] AndroidManifest.xml:36:13-107
100
101        <activity
101-->[com.google.firebase:firebase-auth:12.0.1] AndroidManifest.xml:23:9-29:75
102            android:name="com.google.firebase.auth.internal.FederatedSignInActivity"
102-->[com.google.firebase:firebase-auth:12.0.1] AndroidManifest.xml:24:13-85
103            android:excludeFromRecents="true"
103-->[com.google.firebase:firebase-auth:12.0.1] AndroidManifest.xml:25:13-46
104            android:exported="true"
104-->[com.google.firebase:firebase-auth:12.0.1] AndroidManifest.xml:26:13-36
105            android:launchMode="singleInstance"
105-->[com.google.firebase:firebase-auth:12.0.1] AndroidManifest.xml:27:13-48
106            android:permission="com.google.firebase.auth.api.gms.permission.LAUNCH_FEDERATED_SIGN_IN"
106-->[com.google.firebase:firebase-auth:12.0.1] AndroidManifest.xml:28:13-102
107            android:theme="@android:style/Theme.Translucent.NoTitleBar" />
107-->[com.google.firebase:firebase-auth:12.0.1] AndroidManifest.xml:29:13-72
108        <activity
108-->[com.google.android.gms:play-services-base:12.0.1] AndroidManifest.xml:23:9-26:75
109            android:name="com.google.android.gms.common.api.GoogleApiActivity"
109-->[com.google.android.gms:play-services-base:12.0.1] AndroidManifest.xml:24:13-79
110            android:exported="false"
110-->[com.google.android.gms:play-services-base:12.0.1] AndroidManifest.xml:25:13-37
111            android:theme="@android:style/Theme.Translucent.NoTitleBar" />
111-->[com.google.android.gms:play-services-base:12.0.1] AndroidManifest.xml:26:13-72
112        <!--
113             FirebaseMessagingService performs security checks at runtime,
114             no need for explicit permissions despite exported="true"
115        -->
116        <service
116-->[com.google.firebase:firebase-messaging:12.0.1] AndroidManifest.xml:28:9-34:19
117            android:name="com.google.firebase.messaging.FirebaseMessagingService"
117-->[com.google.firebase:firebase-messaging:12.0.1] AndroidManifest.xml:29:13-82
118            android:exported="true" >
118-->[com.google.firebase:firebase-messaging:12.0.1] AndroidManifest.xml:30:13-36
119            <intent-filter android:priority="-500" >
119-->[com.google.firebase:firebase-messaging:12.0.1] AndroidManifest.xml:31:13-33:29
119-->[com.google.firebase:firebase-messaging:12.0.1] AndroidManifest.xml:31:28-51
120                <action android:name="com.google.firebase.MESSAGING_EVENT" />
120-->[com.google.firebase:firebase-messaging:12.0.1] AndroidManifest.xml:32:17-78
120-->[com.google.firebase:firebase-messaging:12.0.1] AndroidManifest.xml:32:25-75
121            </intent-filter>
122        </service>
123        <service
123-->[com.google.android.gms:play-services-tagmanager-api:12.0.1] AndroidManifest.xml:27:9-30:40
124            android:name="com.google.android.gms.tagmanager.TagManagerService"
124-->[com.google.android.gms:play-services-tagmanager-api:12.0.1] AndroidManifest.xml:28:13-79
125            android:enabled="true"
125-->[com.google.android.gms:play-services-tagmanager-api:12.0.1] AndroidManifest.xml:29:13-35
126            android:exported="false" />
126-->[com.google.android.gms:play-services-tagmanager-api:12.0.1] AndroidManifest.xml:30:13-37
127
128        <activity
128-->[com.google.android.gms:play-services-tagmanager-api:12.0.1] AndroidManifest.xml:32:9-44:20
129            android:name="com.google.android.gms.tagmanager.TagManagerPreviewActivity"
129-->[com.google.android.gms:play-services-tagmanager-api:12.0.1] AndroidManifest.xml:33:13-87
130            android:exported="true"
130-->[com.google.android.gms:play-services-tagmanager-api:12.0.1] AndroidManifest.xml:34:13-36
131            android:noHistory="true" > <!-- optional, removes the previewActivity from the activity stack. -->
131-->[com.google.android.gms:play-services-tagmanager-api:12.0.1] AndroidManifest.xml:35:13-37
132            <intent-filter>
132-->[com.google.android.gms:play-services-tagmanager-api:12.0.1] AndroidManifest.xml:36:13-43:29
133                <data android:scheme="tagmanager.c.com.parse.starter" />
133-->[com.google.android.gms:play-services-tagmanager-api:12.0.1] AndroidManifest.xml:37:17-72
133-->[com.google.android.gms:play-services-tagmanager-api:12.0.1] AndroidManifest.xml:37:23-69
134
135                <action android:name="android.intent.action.VIEW" />
135-->[com.google.android.gms:play-services-tagmanager-api:12.0.1] AndroidManifest.xml:39:17-69
135-->[com.google.android.gms:play-services-tagmanager-api:12.0.1] AndroidManifest.xml:39:25-66
136
137                <category android:name="android.intent.category.DEFAULT" />
137-->[com.google.android.gms:play-services-appinvite:12.0.1] AndroidManifest.xml:32:17-76
137-->[com.google.android.gms:play-services-appinvite:12.0.1] AndroidManifest.xml:32:27-73
138                <category android:name="android.intent.category.BROWSABLE" />
138-->[com.google.android.gms:play-services-tagmanager-api:12.0.1] AndroidManifest.xml:42:17-78
138-->[com.google.android.gms:play-services-tagmanager-api:12.0.1] AndroidManifest.xml:42:27-75
139            </intent-filter>
140        </activity>
141
142        <receiver
142-->[com.google.firebase:firebase-analytics:12.0.1] AndroidManifest.xml:28:9-32:20
143            android:name="com.google.android.gms.measurement.AppMeasurementReceiver"
143-->[com.google.firebase:firebase-analytics:12.0.1] AndroidManifest.xml:29:13-85
144            android:enabled="true"
144-->[com.google.firebase:firebase-analytics:12.0.1] AndroidManifest.xml:30:13-35
145            android:exported="false" >
145-->[com.google.firebase:firebase-analytics:12.0.1] AndroidManifest.xml:31:13-37
146        </receiver>
147        <receiver
147-->[com.google.firebase:firebase-analytics:12.0.1] AndroidManifest.xml:33:9-41:20
148            android:name="com.google.android.gms.measurement.AppMeasurementInstallReferrerReceiver"
148-->[com.google.firebase:firebase-analytics:12.0.1] AndroidManifest.xml:34:13-100
149            android:enabled="true"
149-->[com.google.firebase:firebase-analytics:12.0.1] AndroidManifest.xml:35:13-35
150            android:exported="true"
150-->[com.google.firebase:firebase-analytics:12.0.1] AndroidManifest.xml:36:13-36
151            android:permission="android.permission.INSTALL_PACKAGES" >
151-->[com.google.firebase:firebase-analytics:12.0.1] AndroidManifest.xml:37:13-69
152            <intent-filter>
152-->[com.google.firebase:firebase-analytics:12.0.1] AndroidManifest.xml:38:13-40:29
153                <action android:name="com.android.vending.INSTALL_REFERRER" />
153-->[com.google.firebase:firebase-analytics:12.0.1] AndroidManifest.xml:39:17-79
153-->[com.google.firebase:firebase-analytics:12.0.1] AndroidManifest.xml:39:25-76
154            </intent-filter>
155        </receiver>
156
157        <service
157-->[com.google.firebase:firebase-analytics:12.0.1] AndroidManifest.xml:43:9-46:40
158            android:name="com.google.android.gms.measurement.AppMeasurementService"
158-->[com.google.firebase:firebase-analytics:12.0.1] AndroidManifest.xml:44:13-84
159            android:enabled="true"
159-->[com.google.firebase:firebase-analytics:12.0.1] AndroidManifest.xml:45:13-35
160            android:exported="false" />
160-->[com.google.firebase:firebase-analytics:12.0.1] AndroidManifest.xml:46:13-37
161        <service
161-->[com.google.firebase:firebase-analytics:12.0.1] AndroidManifest.xml:47:9-51:72
162            android:name="com.google.android.gms.measurement.AppMeasurementJobService"
162-->[com.google.firebase:firebase-analytics:12.0.1] AndroidManifest.xml:48:13-87
163            android:enabled="true"
163-->[com.google.firebase:firebase-analytics:12.0.1] AndroidManifest.xml:49:13-35
164            android:exported="false"
164-->[com.google.firebase:firebase-analytics:12.0.1] AndroidManifest.xml:50:13-37
165            android:permission="android.permission.BIND_JOB_SERVICE" />
165-->[com.google.firebase:firebase-analytics:12.0.1] AndroidManifest.xml:51:13-69
166
167        <receiver
167-->[com.google.firebase:firebase-iid:12.0.1] AndroidManifest.xml:35:9-44:20
168            android:name="com.google.firebase.iid.FirebaseInstanceIdReceiver"
168-->[com.google.firebase:firebase-iid:12.0.1] AndroidManifest.xml:36:13-78
169            android:exported="true"
169-->[com.google.firebase:firebase-iid:12.0.1] AndroidManifest.xml:37:13-36
170            android:permission="com.google.android.c2dm.permission.SEND" >
170-->[com.google.firebase:firebase-iid:12.0.1] AndroidManifest.xml:38:13-73
171            <intent-filter>
171-->[com.google.firebase:firebase-iid:12.0.1] AndroidManifest.xml:39:13-43:29
172                <action android:name="com.google.android.c2dm.intent.RECEIVE" />
172-->[com.google.firebase:firebase-iid:12.0.1] AndroidManifest.xml:40:17-81
172-->[com.google.firebase:firebase-iid:12.0.1] AndroidManifest.xml:40:25-78
173
174                <category android:name="com.parse.starter" />
174-->[com.google.firebase:firebase-iid:12.0.1] AndroidManifest.xml:42:17-61
174-->[com.google.firebase:firebase-iid:12.0.1] AndroidManifest.xml:42:27-58
175            </intent-filter>
176        </receiver>
177        <!--
178             FirebaseInstanceIdService performs security checks at runtime,
179             no need for explicit permissions despite exported="true"
180        -->
181        <service
181-->[com.google.firebase:firebase-iid:12.0.1] AndroidManifest.xml:50:9-56:19
182            android:name="com.google.firebase.iid.FirebaseInstanceIdService"
182-->[com.google.firebase:firebase-iid:12.0.1] AndroidManifest.xml:51:13-77
183            android:exported="true" >
183-->[com.google.firebase:firebase-iid:12.0.1] AndroidManifest.xml:52:13-36
184            <intent-filter android:priority="-500" >
184-->[com.google.firebase:firebase-iid:12.0.1] AndroidManifest.xml:53:13-55:29
184-->[com.google.firebase:firebase-iid:12.0.1] AndroidManifest.xml:53:28-51
185                <action android:name="com.google.firebase.INSTANCE_ID_EVENT" />
185-->[com.google.firebase:firebase-iid:12.0.1] AndroidManifest.xml:54:17-80
185-->[com.google.firebase:firebase-iid:12.0.1] AndroidManifest.xml:54:25-77
186            </intent-filter>
187        </service>
188
189        <provider
189-->[com.google.firebase:firebase-common:12.0.1] AndroidManifest.xml:8:9-12:39
190            android:name="com.google.firebase.provider.FirebaseInitProvider"
190-->[com.google.firebase:firebase-common:12.0.1] AndroidManifest.xml:9:13-77
191            android:authorities="com.parse.starter.firebaseinitprovider"
191-->[com.google.firebase:firebase-common:12.0.1] AndroidManifest.xml:10:13-72
192            android:exported="false"
192-->[com.google.firebase:firebase-common:12.0.1] AndroidManifest.xml:11:13-37
193            android:initOrder="100" />
193-->[com.google.firebase:firebase-common:12.0.1] AndroidManifest.xml:12:13-36
194
195        <meta-data
195-->[com.google.android.gms:play-services-basement:12.0.1] AndroidManifest.xml:23:9-25:69
196            android:name="com.google.android.gms.version"
196-->[com.google.android.gms:play-services-basement:12.0.1] AndroidManifest.xml:24:13-58
197            android:value="@integer/google_play_services_version" />
197-->[com.google.android.gms:play-services-basement:12.0.1] AndroidManifest.xml:25:13-66
198    </application>
199
200</manifest>